# JRE version: Java(TM) SE Runtime Environment (8.0_191-b12) (build 1.8.0_191-b12)
# Java VM: Java HotSpot(TM) 64-Bit Server VM (25.191-b12 mixed mode windows-amd64 compressed oops)
Heap:
 PSYoungGen      total 300544K, used 298986K [0x00000000d6000000, 0x00000000ed480000, 0x0000000100000000)
  eden space 272384K, 100% used [0x00000000d6000000,0x00000000e6a00000,0x00000000e6a00000)
  from space 28160K, 94% used [0x00000000e6a00000,0x00000000e83faa88,0x00000000e8580000)
  to   space 31744K, 71% used [0x00000000eb580000,0x00000000ecbc8040,0x00000000ed480000)
 ParOldGen       total 1376256K, used 40080K [0x0000000082000000, 0x00000000d6000000, 0x00000000d6000000)
  object space 1376256K, 2% used [0x0000000082000000,0x0000000084724338,0x00000000d6000000)
 Metaspace       used 73373K, capacity 76538K, committed 76696K, reserved 1116160K
  class space    used 9305K, capacity 9838K, committed 9904K, reserved 1048576K
GC Heap History (10 events):
Event: 7.539 GC heap after
Heap after GC invocations=14 (full 2):
 PSYoungGen      total 235520K, used 18916K [0x00000000d6000000, 0x00000000e6a00000, 0x0000000100000000)
  eden space 216576K, 0% used [0x00000000d6000000,0x00000000d6000000,0x00000000e3380000)
  from space 18944K, 99% used [0x00000000e4b80000,0x00000000e5df91a0,0x00000000e5e00000)
  to   space 24576K, 0% used [0x00000000e3380000,0x00000000e3380000,0x00000000e4b80000)
 ParOldGen       total 96768K, used 27092K [0x0000000082000000, 0x0000000087e80000, 0x00000000d6000000)
  object space 96768K, 27% used [0x0000000082000000,0x0000000083a751c8,0x0000000087e80000)
 Metaspace       used 55119K, capacity 56990K, committed 57392K, reserved 1099776K
  class space    used 7086K, capacity 7424K, committed 7472K, reserved 1048576K
}
Event: 7.878 GC heap before
{Heap before GC invocations=15 (full 2):
 PSYoungGen      total 235520K, used 92483K [0x00000000d6000000, 0x00000000e6a00000, 0x0000000100000000)
  eden space 216576K, 33% used [0x00000000d6000000,0x00000000da7d7c60,0x00000000e3380000)
  from space 18944K, 99% used [0x00000000e4b80000,0x00000000e5df91a0,0x00000000e5e00000)
  to   space 24576K, 0% used [0x00000000e3380000,0x00000000e3380000,0x00000000e4b80000)
 ParOldGen       total 96768K, used 27092K [0x0000000082000000, 0x0000000087e80000, 0x00000000d6000000)
  object space 96768K, 27% used [0x0000000082000000,0x0000000083a751c8,0x0000000087e80000)
 Metaspace       used 57104K, capacity 58994K, committed 59160K, reserved 1101824K
  class space    used 7334K, capacity 7726K, committed 7728K, reserved 1048576K
Event: 7.894 GC heap after
Heap after GC invocations=15 (full 2):
 PSYoungGen      total 241152K, used 23630K [0x00000000d6000000, 0x00000000eab00000, 0x0000000100000000)
  eden space 216576K, 0% used [0x00000000d6000000,0x00000000d6000000,0x00000000e3380000)
  from space 24576K, 96% used [0x00000000e3380000,0x00000000e4a93a40,0x00000000e4b80000)
  to   space 27648K, 0% used [0x00000000e9000000,0x00000000e9000000,0x00000000eab00000)
 ParOldGen       total 96768K, used 27100K [0x0000000082000000, 0x0000000087e80000, 0x00000000d6000000)
  object space 96768K, 28% used [0x0000000082000000,0x0000000083a771c8,0x0000000087e80000)
 Metaspace       used 57104K, capacity 58994K, committed 59160K, reserved 1101824K
  class space    used 7334K, capacity 7726K, committed 7728K, reserved 1048576K
}
Event: 7.894 GC heap before
{Heap before GC invocations=16 (full 3):
 PSYoungGen      total 241152K, used 23630K [0x00000000d6000000, 0x00000000eab00000, 0x0000000100000000)
  eden space 216576K, 0% used [0x00000000d6000000,0x00000000d6000000,0x00000000e3380000)
  from space 24576K, 96% used [0x00000000e3380000,0x00000000e4a93a40,0x00000000e4b80000)
  to   space 27648K, 0% used [0x00000000e9000000,0x00000000e9000000,0x00000000eab00000)
 ParOldGen       total 96768K, used 27100K [0x0000000082000000, 0x0000000087e80000, 0x00000000d6000000)
  object space 96768K, 28% used [0x0000000082000000,0x0000000083a771c8,0x0000000087e80000)
 Metaspace       used 57104K, capacity 58994K, committed 59160K, reserved 1101824K
  class space    used 7334K, capacity 7726K, committed 7728K, reserved 1048576K
Event: 8.122 GC heap after
Heap after GC invocations=16 (full 3):
 PSYoungGen      total 241152K, used 0K [0x00000000d6000000, 0x00000000eab00000, 0x0000000100000000)
  eden space 216576K, 0% used [0x00000000d6000000,0x00000000d6000000,0x00000000e3380000)
  from space 24576K, 0% used [0x00000000e3380000,0x00000000e3380000,0x00000000e4b80000)
  to   space 27648K, 0% used [0x00000000e9000000,0x00000000e9000000,0x00000000eab00000)
 ParOldGen       total 147968K, used 40037K [0x0000000082000000, 0x000000008b080000, 0x00000000d6000000)
  object space 147968K, 27% used [0x0000000082000000,0x00000000847196e8,0x000000008b080000)
 Metaspace       used 57104K, capacity 58994K, committed 59160K, reserved 1101824K
  class space    used 7334K, capacity 7726K, committed 7728K, reserved 1048576K
}
Event: 10.405 GC heap before
{Heap before GC invocations=17 (full 3):
 PSYoungGen      total 241152K, used 216576K [0x00000000d6000000, 0x00000000eab00000, 0x0000000100000000)
  eden space 216576K, 100% used [0x00000000d6000000,0x00000000e3380000,0x00000000e3380000)
  from space 24576K, 0% used [0x00000000e3380000,0x00000000e3380000,0x00000000e4b80000)
  to   space 27648K, 0% used [0x00000000e9000000,0x00000000e9000000,0x00000000eab00000)
 ParOldGen       total 147968K, used 40037K [0x0000000082000000, 0x000000008b080000, 0x00000000d6000000)
  object space 147968K, 27% used [0x0000000082000000,0x00000000847196e8,0x000000008b080000)
 Metaspace       used 65544K, capacity 68148K, committed 68376K, reserved 1110016K
  class space    used 8223K, capacity 8699K, committed 8752K, reserved 1048576K
Event: 10.418 GC heap after
Heap after GC invocations=17 (full 3):
 PSYoungGen      total 281088K, used 17234K [0x00000000d6000000, 0x00000000ea100000, 0x0000000100000000)
  eden space 263680K, 0% used [0x00000000d6000000,0x00000000d6000000,0x00000000e6180000)
  from space 17408K, 99% used [0x00000000e9000000,0x00000000ea0d4928,0x00000000ea100000)
  to   space 28160K, 0% used [0x00000000e6a00000,0x00000000e6a00000,0x00000000e8580000)
 ParOldGen       total 147968K, used 40064K [0x0000000082000000, 0x000000008b080000, 0x00000000d6000000)
  object space 147968K, 27% used [0x0000000082000000,0x0000000084720338,0x000000008b080000)
 Metaspace       used 65544K, capacity 68148K, committed 68376K, reserved 1110016K
  class space    used 8223K, capacity 8699K, committed 8752K, reserved 1048576K
}
Event: 11.872 GC heap before
{Heap before GC invocations=18 (full 3):
 PSYoungGen      total 281088K, used 280914K [0x00000000d6000000, 0x00000000ea100000, 0x0000000100000000)
  eden space 263680K, 100% used [0x00000000d6000000,0x00000000e6180000,0x00000000e6180000)
  from space 17408K, 99% used [0x00000000e9000000,0x00000000ea0d4928,0x00000000ea100000)
  to   space 28160K, 0% used [0x00000000e6a00000,0x00000000e6a00000,0x00000000e8580000)
 ParOldGen       total 147968K, used 40064K [0x0000000082000000, 0x000000008b080000, 0x00000000d6000000)
  object space 147968K, 27% used [0x0000000082000000,0x0000000084720338,0x000000008b080000)
 Metaspace       used 70450K, capacity 73494K, committed 73752K, reserved 1114112K
  class space    used 8961K, capacity 9486K, committed 9520K, reserved 1048576K
Event: 11.891 GC heap after
Heap after GC invocations=18 (full 3):
 PSYoungGen      total 300544K, used 26602K [0x00000000d6000000, 0x00000000ed480000, 0x0000000100000000)
  eden space 272384K, 0% used [0x00000000d6000000,0x00000000d6000000,0x00000000e6a00000)
  from space 28160K, 94% used [0x00000000e6a00000,0x00000000e83faa88,0x00000000e8580000)
  to   space 31744K, 0% used [0x00000000eb580000,0x00000000eb580000,0x00000000ed480000)
 ParOldGen       total 147968K, used 40072K [0x0000000082000000, 0x000000008b080000, 0x00000000d6000000)
  object space 147968K, 27% used [0x0000000082000000,0x0000000084722338,0x000000008b080000)
 Metaspace       used 70450K, capacity 73494K, committed 73752K, reserved 1114112K
  class space    used 8961K, capacity 9486K, committed 9520K, reserved 1048576K
}
Event: 53.430 GC heap before
{Heap before GC invocations=19 (full 3):
 PSYoungGen      total 300544K, used 298986K [0x00000000d6000000, 0x00000000ed480000, 0x0000000100000000)
  eden space 272384K, 100% used [0x00000000d6000000,0x00000000e6a00000,0x00000000e6a00000)
  from space 28160K, 94% used [0x00000000e6a00000,0x00000000e83faa88,0x00000000e8580000)
  to   space 31744K, 0% used [0x00000000eb580000,0x00000000eb580000,0x00000000ed480000)
 ParOldGen       total 147968K, used 40072K [0x0000000082000000, 0x000000008b080000, 0x00000000d6000000)
  object space 147968K, 27% used [0x0000000082000000,0x0000000084722338,0x000000008b080000)
 Metaspace       used 73373K, capacity 76538K, committed 76696K, reserved 1116160K
  class space    used 9305K, capacity 9838K, committed 9904K, reserved 1048576K

