# JRE version: Java(TM) SE Runtime Environment (8.0_191-b12) (build 1.8.0_191-b12)
# Java VM: Java HotSpot(TM) 64-Bit Server VM (25.191-b12 mixed mode windows-amd64 compressed oops)
Heap:
 PSYoungGen      total 347136K, used 262572K [0x00000000d6000000, 0x00000000eda80000, 0x0000000100000000)
  eden space 315392K, 75% used [0x00000000d6000000,0x00000000e479a568,0x00000000e9400000)
  from space 31744K, 80% used [0x00000000eb580000,0x00000000ece50d60,0x00000000ed480000)
  to   space 34304K, 0% used [0x00000000e9400000,0x00000000e9400000,0x00000000eb580000)
 ParOldGen       total 147456K, used 40061K [0x0000000082000000, 0x000000008b000000, 0x00000000d6000000)
  object space 147456K, 27% used [0x0000000082000000,0x000000008471f760,0x000000008b000000)
 Metaspace       used 76605K, capacity 79816K, committed 79896K, reserved 1118208K
  class space    used 9723K, capacity 10279K, committed 10288K, reserved 1048576K
GC Heap History (10 events):
Event: 7.493 GC heap before
{Heap before GC invocations=15 (full 2):
 PSYoungGen      total 236032K, used 86459K [0x00000000d6000000, 0x00000000e6900000, 0x0000000100000000)
  eden space 217088K, 31% used [0x00000000d6000000,0x00000000da1ef110,0x00000000e3400000)
  from space 18944K, 99% used [0x00000000e4c00000,0x00000000e5e7fb20,0x00000000e5e80000)
  to   space 24576K, 0% used [0x00000000e3400000,0x00000000e3400000,0x00000000e4c00000)
 ParOldGen       total 96256K, used 27383K [0x0000000082000000, 0x0000000087e00000, 0x00000000d6000000)
  object space 96256K, 28% used [0x0000000082000000,0x0000000083abdde0,0x0000000087e00000)
 Metaspace       used 57071K, capacity 58994K, committed 59160K, reserved 1101824K
  class space    used 7329K, capacity 7726K, committed 7728K, reserved 1048576K
Event: 7.513 GC heap after
Heap after GC invocations=15 (full 2):
 PSYoungGen      total 241664K, used 23421K [0x00000000d6000000, 0x00000000eaa80000, 0x0000000100000000)
  eden space 217088K, 0% used [0x00000000d6000000,0x00000000d6000000,0x00000000e3400000)
  from space 24576K, 95% used [0x00000000e3400000,0x00000000e4adf478,0x00000000e4c00000)
  to   space 27648K, 0% used [0x00000000e8f80000,0x00000000e8f80000,0x00000000eaa80000)
 ParOldGen       total 96256K, used 27391K [0x0000000082000000, 0x0000000087e00000, 0x00000000d6000000)
  object space 96256K, 28% used [0x0000000082000000,0x0000000083abfde0,0x0000000087e00000)
 Metaspace       used 57071K, capacity 58994K, committed 59160K, reserved 1101824K
  class space    used 7329K, capacity 7726K, committed 7728K, reserved 1048576K
}
Event: 7.513 GC heap before
{Heap before GC invocations=16 (full 3):
 PSYoungGen      total 241664K, used 23421K [0x00000000d6000000, 0x00000000eaa80000, 0x0000000100000000)
  eden space 217088K, 0% used [0x00000000d6000000,0x00000000d6000000,0x00000000e3400000)
  from space 24576K, 95% used [0x00000000e3400000,0x00000000e4adf478,0x00000000e4c00000)
  to   space 27648K, 0% used [0x00000000e8f80000,0x00000000e8f80000,0x00000000eaa80000)
 ParOldGen       total 96256K, used 27391K [0x0000000082000000, 0x0000000087e00000, 0x00000000d6000000)
  object space 96256K, 28% used [0x0000000082000000,0x0000000083abfde0,0x0000000087e00000)
 Metaspace       used 57071K, capacity 58994K, committed 59160K, reserved 1101824K
  class space    used 7329K, capacity 7726K, committed 7728K, reserved 1048576K
Event: 7.751 GC heap after
Heap after GC invocations=16 (full 3):
 PSYoungGen      total 241664K, used 0K [0x00000000d6000000, 0x00000000eaa80000, 0x0000000100000000)
  eden space 217088K, 0% used [0x00000000d6000000,0x00000000d6000000,0x00000000e3400000)
  from space 24576K, 0% used [0x00000000e3400000,0x00000000e3400000,0x00000000e4c00000)
  to   space 27648K, 0% used [0x00000000e8f80000,0x00000000e8f80000,0x00000000eaa80000)
 ParOldGen       total 147456K, used 40018K [0x0000000082000000, 0x000000008b000000, 0x00000000d6000000)
  object space 147456K, 27% used [0x0000000082000000,0x0000000084714b10,0x000000008b000000)
 Metaspace       used 57071K, capacity 58994K, committed 59160K, reserved 1101824K
  class space    used 7329K, capacity 7726K, committed 7728K, reserved 1048576K
}
Event: 10.039 GC heap before
{Heap before GC invocations=17 (full 3):
 PSYoungGen      total 241664K, used 217088K [0x00000000d6000000, 0x00000000eaa80000, 0x0000000100000000)
  eden space 217088K, 100% used [0x00000000d6000000,0x00000000e3400000,0x00000000e3400000)
  from space 24576K, 0% used [0x00000000e3400000,0x00000000e3400000,0x00000000e4c00000)
  to   space 27648K, 0% used [0x00000000e8f80000,0x00000000e8f80000,0x00000000eaa80000)
 ParOldGen       total 147456K, used 40018K [0x0000000082000000, 0x000000008b000000, 0x00000000d6000000)
  object space 147456K, 27% used [0x0000000082000000,0x0000000084714b10,0x000000008b000000)
 Metaspace       used 65732K, capacity 68372K, committed 68632K, reserved 1110016K
  class space    used 8249K, capacity 8731K, committed 8752K, reserved 1048576K
Event: 10.055 GC heap after
Heap after GC invocations=17 (full 3):
 PSYoungGen      total 281600K, used 17573K [0x00000000d6000000, 0x00000000ea100000, 0x0000000100000000)
  eden space 263680K, 0% used [0x00000000d6000000,0x00000000d6000000,0x00000000e6180000)
  from space 17920K, 98% used [0x00000000e8f80000,0x00000000ea0a9400,0x00000000ea100000)
  to   space 28160K, 0% used [0x00000000e6a00000,0x00000000e6a00000,0x00000000e8580000)
 ParOldGen       total 147456K, used 40045K [0x0000000082000000, 0x000000008b000000, 0x00000000d6000000)
  object space 147456K, 27% used [0x0000000082000000,0x000000008471b760,0x000000008b000000)
 Metaspace       used 65732K, capacity 68372K, committed 68632K, reserved 1110016K
  class space    used 8249K, capacity 8731K, committed 8752K, reserved 1048576K
}
Event: 11.440 GC heap before
{Heap before GC invocations=18 (full 3):
 PSYoungGen      total 281600K, used 281253K [0x00000000d6000000, 0x00000000ea100000, 0x0000000100000000)
  eden space 263680K, 100% used [0x00000000d6000000,0x00000000e6180000,0x00000000e6180000)
  from space 17920K, 98% used [0x00000000e8f80000,0x00000000ea0a9400,0x00000000ea100000)
  to   space 28160K, 0% used [0x00000000e6a00000,0x00000000e6a00000,0x00000000e8580000)
 ParOldGen       total 147456K, used 40045K [0x0000000082000000, 0x000000008b000000, 0x00000000d6000000)
  object space 147456K, 27% used [0x0000000082000000,0x000000008471b760,0x000000008b000000)
 Metaspace       used 70516K, capacity 73562K, committed 73752K, reserved 1114112K
  class space    used 8966K, capacity 9486K, committed 9520K, reserved 1048576K
Event: 11.460 GC heap after
Heap after GC invocations=18 (full 3):
 PSYoungGen      total 300544K, used 26554K [0x00000000d6000000, 0x00000000ed480000, 0x0000000100000000)
  eden space 272384K, 0% used [0x00000000d6000000,0x00000000d6000000,0x00000000e6a00000)
  from space 28160K, 94% used [0x00000000e6a00000,0x00000000e83eeaf8,0x00000000e8580000)
  to   space 31744K, 0% used [0x00000000eb580000,0x00000000eb580000,0x00000000ed480000)
 ParOldGen       total 147456K, used 40053K [0x0000000082000000, 0x000000008b000000, 0x00000000d6000000)
  object space 147456K, 27% used [0x0000000082000000,0x000000008471d760,0x000000008b000000)
 Metaspace       used 70516K, capacity 73562K, committed 73752K, reserved 1114112K
  class space    used 8966K, capacity 9486K, committed 9520K, reserved 1048576K
}
Event: 53.921 GC heap before
{Heap before GC invocations=19 (full 3):
 PSYoungGen      total 300544K, used 298938K [0x00000000d6000000, 0x00000000ed480000, 0x0000000100000000)
  eden space 272384K, 100% used [0x00000000d6000000,0x00000000e6a00000,0x00000000e6a00000)
  from space 28160K, 94% used [0x00000000e6a00000,0x00000000e83eeaf8,0x00000000e8580000)
  to   space 31744K, 0% used [0x00000000eb580000,0x00000000eb580000,0x00000000ed480000)
 ParOldGen       total 147456K, used 40053K [0x0000000082000000, 0x000000008b000000, 0x00000000d6000000)
  object space 147456K, 27% used [0x0000000082000000,0x000000008471d760,0x000000008b000000)
 Metaspace       used 73800K, capacity 76986K, committed 77208K, reserved 1116160K
  class space    used 9353K, capacity 9902K, committed 9904K, reserved 1048576K
Event: 53.954 GC heap after
Heap after GC invocations=19 (full 3):
 PSYoungGen      total 347136K, used 25411K [0x00000000d6000000, 0x00000000eda80000, 0x0000000100000000)
  eden space 315392K, 0% used [0x00000000d6000000,0x00000000d6000000,0x00000000e9400000)
  from space 31744K, 80% used [0x00000000eb580000,0x00000000ece50d60,0x00000000ed480000)
  to   space 34304K, 0% used [0x00000000e9400000,0x00000000e9400000,0x00000000eb580000)
 ParOldGen       total 147456K, used 40061K [0x0000000082000000, 0x000000008b000000, 0x00000000d6000000)
  object space 147456K, 27% used [0x0000000082000000,0x000000008471f760,0x000000008b000000)
 Metaspace       used 73800K, capacity 76986K, committed 77208K, reserved 1116160K
  class space    used 9353K, capacity 9902K, committed 9904K, reserved 1048576K
}

